<?xml version="1.0" encoding="UTF-8"?>
<!-- Generated by org.testng.reporters.JUnitReportReporter -->
<testsuite hostname="DESKTOP-B1LH17F" failures="0" tests="2" name="Test1.Testproduct" time="106.177" errors="0" timestamp="2023-07-19T22:35:17 IST" skipped="0">
  <testcase classname="Test1.Testproduct" name="Verifylogin" time="0.987"/>
  <system-out/>
  <testcase classname="Test1.Testproduct" name="Verifyproduct" time="105.190"/>
  <system-out/>
</testsuite> <!-- Test1.Testproduct -->
