<?xml version="1.0" encoding="UTF-8"?>
<!-- Generated by org.testng.reporters.JUnitReportReporter -->
<testsuite hostname="DESKTOP-B1LH17F" failures="0" tests="1" name="Test1.Testclass" time="3.819" errors="0" timestamp="2023-07-13T23:03:38 IST" skipped="0">
  <testcase classname="Test1.Testclass" name="Register" time="3.819"/>
  <system-out/>
</testsuite> <!-- Test1.Testclass -->
