<?xml version="1.0" encoding="UTF-8"?>
<!-- Generated by org.testng.reporters.JUnitReportReporter -->
<testsuite hostname="DESKTOP-B1LH17F" failures="0" tests="1" name="Test1.Testlogin" time="0.659" errors="0" timestamp="2023-07-13T23:24:14 IST" skipped="0">
  <testcase classname="Test1.Testlogin" name="login" time="0.659"/>
  <system-out/>
</testsuite> <!-- Test1.Testlogin -->
